# configure exec: ./configure --prefix=/opt/service/node_modules/.staging/node-rdkafka-6bdb25a0/build/Release --libdir=/opt/service/node_modules/.staging/node-rdkafka-6bdb25a0/build/Release
# On Mon Jul 16 11:08:05 UTC 2018
DBG: ccenv: WITH_CC:  --version failed: mklove/modules/configure.base: line 1184: --version: command not found
DBG: Check ccenv (WITH_CC, action cont (originally cont)) failed: command ' --version' failed:
mklove/modules/configure.base: line 1184: --version: command not found
DBG: cxxenv: WITH_CXX:  --version failed: mklove/modules/configure.base: line 1184: --version: command not found
DBG: Check cxxenv (WITH_CXX, action cont (originally cont)) failed: command ' --version' failed:
mklove/modules/configure.base: line 1184: --version: command not found
DBG: pkgconfig: WITH_PKGCONFIG: pkg-config --version failed: mklove/modules/configure.base: line 1184: pkg-config: command not found
DBG: Check pkgconfig (WITH_PKGCONFIG, action cont (originally cont)) failed: command 'pkg-config --version' failed:
mklove/modules/configure.base: line 1184: pkg-config: command not found
DBG: Compile check PIC (HAVE_PIC): gcc  -g -O2 -Wall -Werror _mkltmpbf8y8P.c -o _mkltmpbf8y8P.c.o  -L/opt/service/node_modules/.staging/node-rdkafka-6bdb25a0/build/Release -fPIC
DBG: Compile check gnulib (WITH_GNULD): gcc  -g -O2 -fPIC -Wall -Werror _mkltmpol4VlJ.c -o _mkltmpol4VlJ.c.o  -L/opt/service/node_modules/.staging/node-rdkafka-6bdb25a0/build/Release -shared -Wl,-soname,mkltest.0
DBG: Compile check ldsflagvs (): gcc  -g -O2 -fPIC -Wall -Werror _mkltmpPCBWnb.c -o _mkltmpPCBWnb.c.o  -L/opt/service/node_modules/.staging/node-rdkafka-6bdb25a0/build/Release -shared -Wl,--version-script=_mkltmppn8yKD
DBG: Compile check __atomic_32 (HAVE_ATOMICS_32): gcc  -g -O2 -fPIC -Wall -Werror _mkltmp68WWIC.c -o _mkltmp68WWIC.c.o  -L/opt/service/node_modules/.staging/node-rdkafka-6bdb25a0/build/Release 
DBG: Compile check __atomic_64 (HAVE_ATOMICS_64): gcc  -g -O2 -fPIC -Wall -Werror _mkltmpfVLEfa.c -o _mkltmpfVLEfa.c.o  -L/opt/service/node_modules/.staging/node-rdkafka-6bdb25a0/build/Release 
DBG: Compile check socket (): gcc  -g -O2 -fPIC -Wall -Wsign-compare -Wfloat-equal -Wpointer-arith -Wcast-align -Wall -Werror _mkltmpqjmeJO.c -o _mkltmpqjmeJO.c.o  -L/opt/service/node_modules/.staging/node-rdkafka-6bdb25a0/build/Release 
DBG: Compile check libpthread (): gcc  -g -O2 -fPIC -Wall -Wsign-compare -Wfloat-equal -Wpointer-arith -Wcast-align -Wall -Werror _mkltmpWX65SK.c -o _mkltmpWX65SK.c.o  -L/opt/service/node_modules/.staging/node-rdkafka-6bdb25a0/build/Release -lpthread
DBG: Compile check zlib (WITH_ZLIB): gcc  -g -O2 -fPIC -Wall -Wsign-compare -Wfloat-equal -Wpointer-arith -Wcast-align -Wall -Werror _mkltmpsN4bEt.c -o _mkltmpsN4bEt.c.o  -L/opt/service/node_modules/.staging/node-rdkafka-6bdb25a0/build/Release -lz
DBG: compile check for zlib (WITH_ZLIB) failed: gcc  -g -O2 -fPIC -Wall -Wsign-compare -Wfloat-equal -Wpointer-arith -Wcast-align -Wall -Werror _mkltmpsN4bEt.c -o _mkltmpsN4bEt.c.o  -L/opt/service/node_modules/.staging/node-rdkafka-6bdb25a0/build/Release -lz: _mkltmpsN4bEt.c:1:18: fatal error: zlib.h: No such file or directory
 #include <zlib.h>
                  ^
compilation terminated.
DBG: Check zlib (WITH_ZLIB, action disable (originally disable)) failed: compile check failed:
CC: CC
flags: -lz
gcc  -g -O2 -fPIC -Wall -Wsign-compare -Wfloat-equal -Wpointer-arith -Wcast-align -Wall -Werror _mkltmpsN4bEt.c -o _mkltmpsN4bEt.c.o  -L/opt/service/node_modules/.staging/node-rdkafka-6bdb25a0/build/Release -lz:
_mkltmpsN4bEt.c:1:18: fatal error: zlib.h: No such file or directory
 #include <zlib.h>
                  ^
compilation terminated.
source: #include <zlib.h>
DBG: Compile check libcrypto (): gcc  -g -O2 -fPIC -Wall -Wsign-compare -Wfloat-equal -Wpointer-arith -Wcast-align -Wall -Werror _mkltmpPdtz1j.c -o _mkltmpPdtz1j.c.o  -L/opt/service/node_modules/.staging/node-rdkafka-6bdb25a0/build/Release -lcrypto
DBG: compile check for libcrypto () failed: gcc  -g -O2 -fPIC -Wall -Wsign-compare -Wfloat-equal -Wpointer-arith -Wcast-align -Wall -Werror _mkltmpPdtz1j.c -o _mkltmpPdtz1j.c.o  -L/opt/service/node_modules/.staging/node-rdkafka-6bdb25a0/build/Release -lcrypto: /usr/bin/ld: cannot find -lcrypto
collect2: error: ld returned 1 exit status
DBG: Check libcrypto (, action disable (originally disable)) failed: compile check failed:
CC: CC
flags: -lcrypto
gcc  -g -O2 -fPIC -Wall -Wsign-compare -Wfloat-equal -Wpointer-arith -Wcast-align -Wall -Werror _mkltmpPdtz1j.c -o _mkltmpPdtz1j.c.o  -L/opt/service/node_modules/.staging/node-rdkafka-6bdb25a0/build/Release -lcrypto:
/usr/bin/ld: cannot find -lcrypto
collect2: error: ld returned 1 exit status
source: 
DBG: Compile check liblz4 (WITH_LZ4_EXT): gcc  -g -O2 -fPIC -Wall -Wsign-compare -Wfloat-equal -Wpointer-arith -Wcast-align -Wall -Werror _mkltmpY5Ya2w.c -o _mkltmpY5Ya2w.c.o  -L/opt/service/node_modules/.staging/node-rdkafka-6bdb25a0/build/Release -llz4
DBG: compile check for liblz4 (WITH_LZ4_EXT) failed: gcc  -g -O2 -fPIC -Wall -Wsign-compare -Wfloat-equal -Wpointer-arith -Wcast-align -Wall -Werror _mkltmpY5Ya2w.c -o _mkltmpY5Ya2w.c.o  -L/opt/service/node_modules/.staging/node-rdkafka-6bdb25a0/build/Release -llz4: _mkltmpY5Ya2w.c:1:22: fatal error: lz4frame.h: No such file or directory
 #include <lz4frame.h>
                      ^
compilation terminated.
DBG: Check liblz4 (WITH_LZ4_EXT, action disable (originally disable)) failed: compile check failed:
CC: CC
flags: -llz4
gcc  -g -O2 -fPIC -Wall -Wsign-compare -Wfloat-equal -Wpointer-arith -Wcast-align -Wall -Werror _mkltmpY5Ya2w.c -o _mkltmpY5Ya2w.c.o  -L/opt/service/node_modules/.staging/node-rdkafka-6bdb25a0/build/Release -llz4:
_mkltmpY5Ya2w.c:1:22: fatal error: lz4frame.h: No such file or directory
 #include <lz4frame.h>
                      ^
compilation terminated.
source: #include <lz4frame.h>
DBG: Compile check libssl (WITH_SSL): gcc  -g -O2 -fPIC -Wall -Wsign-compare -Wfloat-equal -Wpointer-arith -Wcast-align -Wall -Werror _mkltmpvnTJlN.c -o _mkltmpvnTJlN.c.o  -L/opt/service/node_modules/.staging/node-rdkafka-6bdb25a0/build/Release -lssl
DBG: compile check for libssl (WITH_SSL) failed: gcc  -g -O2 -fPIC -Wall -Wsign-compare -Wfloat-equal -Wpointer-arith -Wcast-align -Wall -Werror _mkltmpvnTJlN.c -o _mkltmpvnTJlN.c.o  -L/opt/service/node_modules/.staging/node-rdkafka-6bdb25a0/build/Release -lssl: _mkltmpvnTJlN.c:1:25: fatal error: openssl/ssl.h: No such file or directory
 #include <openssl/ssl.h>
                         ^
compilation terminated.
DBG: Check libssl (WITH_SSL, action disable (originally disable)) failed: compile check failed:
CC: CC
flags: -lssl
gcc  -g -O2 -fPIC -Wall -Wsign-compare -Wfloat-equal -Wpointer-arith -Wcast-align -Wall -Werror _mkltmpvnTJlN.c -o _mkltmpvnTJlN.c.o  -L/opt/service/node_modules/.staging/node-rdkafka-6bdb25a0/build/Release -lssl:
_mkltmpvnTJlN.c:1:25: fatal error: openssl/ssl.h: No such file or directory
 #include <openssl/ssl.h>
                         ^
compilation terminated.
source: #include <openssl/ssl.h>
DBG: Compile check libsasl2 (WITH_SASL_CYRUS): gcc  -g -O2 -fPIC -Wall -Wsign-compare -Wfloat-equal -Wpointer-arith -Wcast-align -Wall -Werror _mkltmpLDWTNW.c -o _mkltmpLDWTNW.c.o  -L/opt/service/node_modules/.staging/node-rdkafka-6bdb25a0/build/Release -lsasl2
DBG: Compile check crc32chw (WITH_CRC32C_HW): gcc  -g -O2 -fPIC -Wall -Wsign-compare -Wfloat-equal -Wpointer-arith -Wcast-align -Wall -Werror _mkltmph2952P.c -o _mkltmph2952P.c.o  -L/opt/service/node_modules/.staging/node-rdkafka-6bdb25a0/build/Release 
DBG: Compile check regex (HAVE_REGEX): gcc  -g -O2 -fPIC -Wall -Wsign-compare -Wfloat-equal -Wpointer-arith -Wcast-align -Wall -Werror _mkltmpxvWy2g.c -o _mkltmpxvWy2g.c.o  -L/opt/service/node_modules/.staging/node-rdkafka-6bdb25a0/build/Release 
DBG: Compile check librt (): gcc  -g -O2 -fPIC -Wall -Wsign-compare -Wfloat-equal -Wpointer-arith -Wcast-align -Wall -Werror _mkltmpZX32CS.c -o _mkltmpZX32CS.c.o  -L/opt/service/node_modules/.staging/node-rdkafka-6bdb25a0/build/Release -lrt
DBG: Compile check strndup (HAVE_STRNDUP): gcc  -g -O2 -fPIC -Wall -Wsign-compare -Wfloat-equal -Wpointer-arith -Wcast-align -Wall -Werror _mkltmpfyLBzl.c -o _mkltmpfyLBzl.c.o  -L/opt/service/node_modules/.staging/node-rdkafka-6bdb25a0/build/Release 
DBG: Compile check strerror_r (HAVE_STRERROR_R): gcc  -g -O2 -fPIC -Wall -Wsign-compare -Wfloat-equal -Wpointer-arith -Wcast-align -Wall -Werror _mkltmp1yJEoC.c -o _mkltmp1yJEoC.c.o  -L/opt/service/node_modules/.staging/node-rdkafka-6bdb25a0/build/Release 
DBG: Compile check libdl (WITH_LIBDL): gcc  -g -O2 -fPIC -Wall -Wsign-compare -Wfloat-equal -Wpointer-arith -Wcast-align -Wall -Werror _mkltmphXl5Uv.c -o _mkltmphXl5Uv.c.o  -L/opt/service/node_modules/.staging/node-rdkafka-6bdb25a0/build/Release -ldl
